{"/Users/bilalafzal/Documents/projects/CI-CD/backend/src/app/errors/businessError.js": {"path":"/Users/bilalafzal/Documents/projects/CI-CD/backend/src/app/errors/businessError.js","statementMap":{"0":{"start":{"line":1,"column":0},"end":{"line":9,"column":2}},"1":{"start":{"line":3,"column":8},"end":{"line":3,"column":25}},"2":{"start":{"line":4,"column":8},"end":{"line":4,"column":31}},"3":{"start":{"line":5,"column":8},"end":{"line":5,"column":35}},"4":{"start":{"line":6,"column":8},"end":{"line":6,"column":43}},"5":{"start":{"line":7,"column":8},"end":{"line":7,"column":25}}},"fnMap":{"0":{"name":"(anonymous_0)","decl":{"start":{"line":2,"column":4},"end":{"line":2,"column":5}},"loc":{"start":{"line":2,"column":68},"end":{"line":8,"column":5}},"line":2}},"branchMap":{"0":{"loc":{"start":{"line":2,"column":57},"end":{"line":2,"column":66}},"type":"default-arg","locations":[{"start":{"line":2,"column":64},"end":{"line":2,"column":66}}],"line":2}},"s":{"0":3,"1":4,"2":4,"3":4,"4":4,"5":4},"f":{"0":4},"b":{"0":[4]},"_coverageSchema":"1a1c01bbd47fc00a2c39e90264f33305004495a9","hash":"973d8b7ce5484145fb05e3c77a47d8c3d5bc478f"}
,"/Users/bilalafzal/Documents/projects/CI-CD/backend/src/app/errors/errorType.js": {"path":"/Users/bilalafzal/Documents/projects/CI-CD/backend/src/app/errors/errorType.js","statementMap":{"0":{"start":{"line":1,"column":0},"end":{"line":8,"column":3}}},"fnMap":{},"branchMap":{},"s":{"0":1},"f":{},"b":{},"_coverageSchema":"1a1c01bbd47fc00a2c39e90264f33305004495a9","hash":"9c41607f608caf0f12079213af93b295796c3373"}
,"/Users/bilalafzal/Documents/projects/CI-CD/backend/src/app/express/middlewares/Identity.js": {"path":"/Users/bilalafzal/Documents/projects/CI-CD/backend/src/app/express/middlewares/Identity.js","statementMap":{"0":{"start":{"line":1,"column":25},"end":{"line":1,"column":61}},"1":{"start":{"line":2,"column":22},"end":{"line":2,"column":59}},"2":{"start":{"line":3,"column":19},"end":{"line":3,"column":52}},"3":{"start":{"line":5,"column":0},"end":{"line":19,"column":1}},"4":{"start":{"line":6,"column":4},"end":{"line":18,"column":5}},"5":{"start":{"line":7,"column":8},"end":{"line":7,"column":62}},"6":{"start":{"line":7,"column":48},"end":{"line":7,"column":62}},"7":{"start":{"line":9,"column":25},"end":{"line":9,"column":45}},"8":{"start":{"line":10,"column":8},"end":{"line":17,"column":11}},"9":{"start":{"line":11,"column":12},"end":{"line":13,"column":13}},"10":{"start":{"line":12,"column":16},"end":{"line":12,"column":51}},"11":{"start":{"line":14,"column":12},"end":{"line":14,"column":19}},"12":{"start":{"line":16,"column":12},"end":{"line":16,"column":47}},"13":{"start":{"line":23,"column":4},"end":{"line":28,"column":6}}},"fnMap":{"0":{"name":"(anonymous_0)","decl":{"start":{"line":5,"column":34},"end":{"line":5,"column":35}},"loc":{"start":{"line":5,"column":40},"end":{"line":19,"column":1}},"line":5},"1":{"name":"(anonymous_1)","decl":{"start":{"line":6,"column":11},"end":{"line":6,"column":12}},"loc":{"start":{"line":6,"column":31},"end":{"line":18,"column":5}},"line":6},"2":{"name":"(anonymous_2)","decl":{"start":{"line":10,"column":57},"end":{"line":10,"column":58}},"loc":{"start":{"line":10,"column":67},"end":{"line":15,"column":9}},"line":10},"3":{"name":"(anonymous_3)","decl":{"start":{"line":15,"column":17},"end":{"line":15,"column":18}},"loc":{"start":{"line":15,"column":23},"end":{"line":17,"column":9}},"line":15},"4":{"name":"getNotVerifiedError","decl":{"start":{"line":22,"column":9},"end":{"line":22,"column":28}},"loc":{"start":{"line":22,"column":31},"end":{"line":29,"column":1}},"line":22}},"branchMap":{"0":{"loc":{"start":{"line":7,"column":8},"end":{"line":7,"column":62}},"type":"if","locations":[{"start":{"line":7,"column":8},"end":{"line":7,"column":62}},{"start":{},"end":{}}],"line":7},"1":{"loc":{"start":{"line":11,"column":12},"end":{"line":13,"column":13}},"type":"if","locations":[{"start":{"line":11,"column":12},"end":{"line":13,"column":13}},{"start":{},"end":{}}],"line":11}},"s":{"0":1,"1":1,"2":1,"3":1,"4":5,"5":5,"6":1,"7":4,"8":4,"9":3,"10":2,"11":1,"12":1,"13":3},"f":{"0":5,"1":5,"2":3,"3":1,"4":3},"b":{"0":[1,4],"1":[2,1]},"_coverageSchema":"1a1c01bbd47fc00a2c39e90264f33305004495a9","hash":"324ca350d16afefe8294f0b634a005ec996538ea"}
,"/Users/bilalafzal/Documents/projects/CI-CD/backend/src/app/socket/handler/index.js": {"path":"/Users/bilalafzal/Documents/projects/CI-CD/backend/src/app/socket/handler/index.js","statementMap":{"0":{"start":{"line":1,"column":27},"end":{"line":1,"column":65}},"1":{"start":{"line":2,"column":25},"end":{"line":2,"column":61}},"2":{"start":{"line":3,"column":40},"end":{"line":3,"column":91}},"3":{"start":{"line":7,"column":4},"end":{"line":9,"column":5}},"4":{"start":{"line":8,"column":8},"end":{"line":8,"column":59}},"5":{"start":{"line":10,"column":4},"end":{"line":10,"column":36}},"6":{"start":{"line":11,"column":4},"end":{"line":11,"column":66}},"7":{"start":{"line":16,"column":4},"end":{"line":20,"column":5}},"8":{"start":{"line":17,"column":22},"end":{"line":17,"column":88}},"9":{"start":{"line":18,"column":8},"end":{"line":18,"column":73}},"10":{"start":{"line":19,"column":8},"end":{"line":19,"column":124}},"11":{"start":{"line":19,"column":69},"end":{"line":19,"column":124}},"12":{"start":{"line":24,"column":27},"end":{"line":24,"column":70}},"13":{"start":{"line":25,"column":30},"end":{"line":25,"column":75}},"14":{"start":{"line":26,"column":25},"end":{"line":36,"column":5}},"15":{"start":{"line":38,"column":36},"end":{"line":38,"column":38}},"16":{"start":{"line":39,"column":4},"end":{"line":41,"column":7}},"17":{"start":{"line":40,"column":8},"end":{"line":40,"column":159}},"18":{"start":{"line":40,"column":142},"end":{"line":40,"column":150}},"19":{"start":{"line":42,"column":4},"end":{"line":42,"column":53}},"20":{"start":{"line":46,"column":38},"end":{"line":49,"column":6}},"21":{"start":{"line":50,"column":18},"end":{"line":55,"column":5}},"22":{"start":{"line":56,"column":4},"end":{"line":56,"column":56}},"23":{"start":{"line":57,"column":36},"end":{"line":57,"column":38}},"24":{"start":{"line":58,"column":4},"end":{"line":63,"column":7}},"25":{"start":{"line":59,"column":28},"end":{"line":59,"column":70}},"26":{"start":{"line":60,"column":8},"end":{"line":62,"column":9}},"27":{"start":{"line":61,"column":12},"end":{"line":61,"column":154}},"28":{"start":{"line":61,"column":137},"end":{"line":61,"column":145}},"29":{"start":{"line":64,"column":4},"end":{"line":64,"column":46}},"30":{"start":{"line":68,"column":4},"end":{"line":71,"column":7}},"31":{"start":{"line":69,"column":23},"end":{"line":69,"column":55}},"32":{"start":{"line":70,"column":8},"end":{"line":70,"column":36}},"33":{"start":{"line":75,"column":0},"end":{"line":81,"column":2}}},"fnMap":{"0":{"name":"StoreConnection","decl":{"start":{"line":6,"column":9},"end":{"line":6,"column":24}},"loc":{"start":{"line":6,"column":71},"end":{"line":12,"column":1}},"line":6},"1":{"name":"RemoveConnection","decl":{"start":{"line":15,"column":9},"end":{"line":15,"column":25}},"loc":{"start":{"line":15,"column":66},"end":{"line":21,"column":1}},"line":15},"2":{"name":"SendMessageHandler","decl":{"start":{"line":23,"column":15},"end":{"line":23,"column":33}},"loc":{"start":{"line":23,"column":72},"end":{"line":43,"column":1}},"line":23},"3":{"name":"(anonymous_3)","decl":{"start":{"line":39,"column":42},"end":{"line":39,"column":43}},"loc":{"start":{"line":39,"column":61},"end":{"line":41,"column":5}},"line":39},"4":{"name":"(anonymous_4)","decl":{"start":{"line":40,"column":128},"end":{"line":40,"column":129}},"loc":{"start":{"line":40,"column":142},"end":{"line":40,"column":150}},"line":40},"5":{"name":"TypingHandler","decl":{"start":{"line":45,"column":15},"end":{"line":45,"column":28}},"loc":{"start":{"line":45,"column":74},"end":{"line":65,"column":1}},"line":45},"6":{"name":"(anonymous_6)","decl":{"start":{"line":58,"column":20},"end":{"line":58,"column":21}},"loc":{"start":{"line":58,"column":32},"end":{"line":63,"column":5}},"line":58},"7":{"name":"(anonymous_7)","decl":{"start":{"line":61,"column":123},"end":{"line":61,"column":124}},"loc":{"start":{"line":61,"column":137},"end":{"line":61,"column":145}},"line":61},"8":{"name":"EmitMessageToSocketConnections","decl":{"start":{"line":67,"column":9},"end":{"line":67,"column":39}},"loc":{"start":{"line":67,"column":79},"end":{"line":72,"column":1}},"line":67},"9":{"name":"(anonymous_9)","decl":{"start":{"line":68,"column":30},"end":{"line":68,"column":31}},"loc":{"start":{"line":68,"column":44},"end":{"line":71,"column":5}},"line":68}},"branchMap":{"0":{"loc":{"start":{"line":7,"column":4},"end":{"line":9,"column":5}},"type":"if","locations":[{"start":{"line":7,"column":4},"end":{"line":9,"column":5}},{"start":{},"end":{}}],"line":7},"1":{"loc":{"start":{"line":16,"column":4},"end":{"line":20,"column":5}},"type":"if","locations":[{"start":{"line":16,"column":4},"end":{"line":20,"column":5}},{"start":{},"end":{}}],"line":16},"2":{"loc":{"start":{"line":19,"column":8},"end":{"line":19,"column":124}},"type":"if","locations":[{"start":{"line":19,"column":8},"end":{"line":19,"column":124}},{"start":{},"end":{}}],"line":19},"3":{"loc":{"start":{"line":34,"column":12},"end":{"line":34,"column":51}},"type":"binary-expr","locations":[{"start":{"line":34,"column":12},"end":{"line":34,"column":24}},{"start":{"line":34,"column":28},"end":{"line":34,"column":51}}],"line":34},"4":{"loc":{"start":{"line":40,"column":70},"end":{"line":40,"column":157}},"type":"binary-expr","locations":[{"start":{"line":40,"column":70},"end":{"line":40,"column":151}},{"start":{"line":40,"column":155},"end":{"line":40,"column":157}}],"line":40},"5":{"loc":{"start":{"line":47,"column":8},"end":{"line":47,"column":98}},"type":"cond-expr","locations":[{"start":{"line":47,"column":29},"end":{"line":47,"column":68}},{"start":{"line":47,"column":71},"end":{"line":47,"column":98}}],"line":47},"6":{"loc":{"start":{"line":48,"column":8},"end":{"line":48,"column":139}},"type":"cond-expr","locations":[{"start":{"line":48,"column":25},"end":{"line":48,"column":91}},{"start":{"line":48,"column":94},"end":{"line":48,"column":139}}],"line":48},"7":{"loc":{"start":{"line":56,"column":14},"end":{"line":56,"column":55}},"type":"cond-expr","locations":[{"start":{"line":56,"column":36},"end":{"line":56,"column":45}},{"start":{"line":56,"column":48},"end":{"line":56,"column":55}}],"line":56},"8":{"loc":{"start":{"line":59,"column":28},"end":{"line":59,"column":70}},"type":"cond-expr","locations":[{"start":{"line":59,"column":45},"end":{"line":59,"column":58}},{"start":{"line":59,"column":61},"end":{"line":59,"column":70}}],"line":59},"9":{"loc":{"start":{"line":60,"column":8},"end":{"line":62,"column":9}},"type":"if","locations":[{"start":{"line":60,"column":8},"end":{"line":62,"column":9}},{"start":{},"end":{}}],"line":60},"10":{"loc":{"start":{"line":61,"column":74},"end":{"line":61,"column":152}},"type":"binary-expr","locations":[{"start":{"line":61,"column":74},"end":{"line":61,"column":146}},{"start":{"line":61,"column":150},"end":{"line":61,"column":152}}],"line":61}},"s":{"0":1,"1":1,"2":1,"3":0,"4":0,"5":0,"6":0,"7":0,"8":0,"9":0,"10":0,"11":0,"12":0,"13":0,"14":0,"15":0,"16":0,"17":0,"18":0,"19":0,"20":4,"21":4,"22":4,"23":4,"24":4,"25":6,"26":6,"27":4,"28":8,"29":4,"30":0,"31":0,"32":0,"33":1},"f":{"0":0,"1":0,"2":0,"3":0,"4":0,"5":4,"6":6,"7":8,"8":0,"9":0},"b":{"0":[0,0],"1":[0,0],"2":[0,0],"3":[0,0],"4":[0,0],"5":[2,2],"6":[2,2],"7":[2,2],"8":[4,2],"9":[4,2],"10":[4,0]},"_coverageSchema":"1a1c01bbd47fc00a2c39e90264f33305004495a9","hash":"a4979ee0b6ed2bdfdb7de56223acf0bc3b83fcbe"}
,"/Users/bilalafzal/Documents/projects/CI-CD/backend/src/app/usecases/message/save/index.js": {"path":"/Users/bilalafzal/Documents/projects/CI-CD/backend/src/app/usecases/message/save/index.js","statementMap":{"0":{"start":{"line":1,"column":20},"end":{"line":1,"column":48}},"1":{"start":{"line":2,"column":20},"end":{"line":2,"column":68}},"2":{"start":{"line":4,"column":0},"end":{"line":14,"column":1}},"3":{"start":{"line":6,"column":8},"end":{"line":6,"column":27}},"4":{"start":{"line":7,"column":8},"end":{"line":7,"column":25}},"5":{"start":{"line":11,"column":8},"end":{"line":11,"column":69}}},"fnMap":{"0":{"name":"(anonymous_0)","decl":{"start":{"line":5,"column":4},"end":{"line":5,"column":5}},"loc":{"start":{"line":5,"column":42},"end":{"line":8,"column":5}},"line":5},"1":{"name":"(anonymous_1)","decl":{"start":{"line":10,"column":4},"end":{"line":10,"column":5}},"loc":{"start":{"line":10,"column":11},"end":{"line":12,"column":5}},"line":10}},"branchMap":{"0":{"loc":{"start":{"line":5,"column":22},"end":{"line":5,"column":40}},"type":"default-arg","locations":[{"start":{"line":5,"column":36},"end":{"line":5,"column":40}}],"line":5}},"s":{"0":2,"1":2,"2":2,"3":2,"4":2,"5":2},"f":{"0":2,"1":2},"b":{"0":[0]},"_coverageSchema":"1a1c01bbd47fc00a2c39e90264f33305004495a9","hash":"9a7be66e5fdf172dfa55c0a75ea0760c6af704b8"}
,"/Users/bilalafzal/Documents/projects/CI-CD/backend/src/app/usecases/message/save/messageWithDetails.js": {"path":"/Users/bilalafzal/Documents/projects/CI-CD/backend/src/app/usecases/message/save/messageWithDetails.js","statementMap":{"0":{"start":{"line":1,"column":20},"end":{"line":1,"column":48}},"1":{"start":{"line":2,"column":27},"end":{"line":2,"column":45}},"2":{"start":{"line":3,"column":41},"end":{"line":3,"column":89}},"3":{"start":{"line":5,"column":0},"end":{"line":45,"column":1}},"4":{"start":{"line":7,"column":8},"end":{"line":7,"column":27}},"5":{"start":{"line":8,"column":8},"end":{"line":8,"column":25}},"6":{"start":{"line":9,"column":8},"end":{"line":9,"column":30}},"7":{"start":{"line":11,"column":8},"end":{"line":11,"column":33}},"8":{"start":{"line":15,"column":8},"end":{"line":22,"column":15}},"9":{"start":{"line":17,"column":16},"end":{"line":17,"column":54}},"10":{"start":{"line":18,"column":16},"end":{"line":18,"column":49}},"11":{"start":{"line":20,"column":16},"end":{"line":20,"column":68}},"12":{"start":{"line":21,"column":16},"end":{"line":21,"column":43}},"13":{"start":{"line":27,"column":8},"end":{"line":34,"column":15}},"14":{"start":{"line":32,"column":16},"end":{"line":32,"column":44}},"15":{"start":{"line":33,"column":16},"end":{"line":33,"column":31}},"16":{"start":{"line":38,"column":8},"end":{"line":42,"column":45}}},"fnMap":{"0":{"name":"(anonymous_0)","decl":{"start":{"line":6,"column":4},"end":{"line":6,"column":5}},"loc":{"start":{"line":6,"column":42},"end":{"line":12,"column":5}},"line":6},"1":{"name":"(anonymous_1)","decl":{"start":{"line":14,"column":4},"end":{"line":14,"column":5}},"loc":{"start":{"line":14,"column":11},"end":{"line":23,"column":5}},"line":14},"2":{"name":"(anonymous_2)","decl":{"start":{"line":16,"column":18},"end":{"line":16,"column":19}},"loc":{"start":{"line":16,"column":31},"end":{"line":19,"column":13}},"line":16},"3":{"name":"(anonymous_3)","decl":{"start":{"line":19,"column":20},"end":{"line":19,"column":21}},"loc":{"start":{"line":19,"column":40},"end":{"line":22,"column":13}},"line":19},"4":{"name":"(anonymous_4)","decl":{"start":{"line":26,"column":4},"end":{"line":26,"column":5}},"loc":{"start":{"line":26,"column":18},"end":{"line":35,"column":5}},"line":26},"5":{"name":"(anonymous_5)","decl":{"start":{"line":31,"column":18},"end":{"line":31,"column":19}},"loc":{"start":{"line":31,"column":31},"end":{"line":34,"column":13}},"line":31},"6":{"name":"(anonymous_6)","decl":{"start":{"line":37,"column":4},"end":{"line":37,"column":5}},"loc":{"start":{"line":37,"column":25},"end":{"line":43,"column":5}},"line":37}},"branchMap":{"0":{"loc":{"start":{"line":6,"column":22},"end":{"line":6,"column":40}},"type":"default-arg","locations":[{"start":{"line":6,"column":36},"end":{"line":6,"column":40}}],"line":6}},"s":{"0":2,"1":2,"2":2,"3":2,"4":2,"5":2,"6":2,"7":2,"8":2,"9":2,"10":2,"11":2,"12":2,"13":2,"14":2,"15":2,"16":2},"f":{"0":2,"1":2,"2":2,"3":2,"4":2,"5":2,"6":2},"b":{"0":[0]},"_coverageSchema":"1a1c01bbd47fc00a2c39e90264f33305004495a9","hash":"94d92ae790903fd83587d0ce715fa66e51cba58d"}
,"/Users/bilalafzal/Documents/projects/CI-CD/backend/src/app/usecases/message/send/index.js": {"path":"/Users/bilalafzal/Documents/projects/CI-CD/backend/src/app/usecases/message/send/index.js","statementMap":{"0":{"start":{"line":1,"column":20},"end":{"line":1,"column":48}},"1":{"start":{"line":2,"column":28},"end":{"line":2,"column":65}},"2":{"start":{"line":3,"column":38},"end":{"line":3,"column":75}},"3":{"start":{"line":4,"column":40},"end":{"line":4,"column":82}},"4":{"start":{"line":6,"column":0},"end":{"line":81,"column":1}},"5":{"start":{"line":8,"column":8},"end":{"line":8,"column":27}},"6":{"start":{"line":9,"column":8},"end":{"line":9,"column":25}},"7":{"start":{"line":10,"column":8},"end":{"line":10,"column":33}},"8":{"start":{"line":14,"column":8},"end":{"line":23,"column":15}},"9":{"start":{"line":16,"column":16},"end":{"line":16,"column":48}},"10":{"start":{"line":18,"column":16},"end":{"line":18,"column":41}},"11":{"start":{"line":19,"column":16},"end":{"line":19,"column":28}},"12":{"start":{"line":21,"column":16},"end":{"line":21,"column":43}},"13":{"start":{"line":22,"column":16},"end":{"line":22,"column":28}},"14":{"start":{"line":27,"column":22},"end":{"line":27,"column":39}},"15":{"start":{"line":28,"column":8},"end":{"line":30,"column":9}},"16":{"start":{"line":29,"column":12},"end":{"line":29,"column":51}},"17":{"start":{"line":31,"column":8},"end":{"line":33,"column":11}},"18":{"start":{"line":32,"column":12},"end":{"line":32,"column":53}},"19":{"start":{"line":37,"column":8},"end":{"line":37,"column":34}},"20":{"start":{"line":41,"column":8},"end":{"line":45,"column":15}},"21":{"start":{"line":43,"column":16},"end":{"line":43,"column":58}},"22":{"start":{"line":44,"column":16},"end":{"line":44,"column":32}},"23":{"start":{"line":49,"column":8},"end":{"line":51,"column":47}},"24":{"start":{"line":55,"column":8},"end":{"line":58,"column":15}},"25":{"start":{"line":57,"column":16},"end":{"line":57,"column":42}},"26":{"start":{"line":62,"column":8},"end":{"line":65,"column":9}},"27":{"start":{"line":63,"column":12},"end":{"line":63,"column":75}},"28":{"start":{"line":64,"column":12},"end":{"line":64,"column":56}},"29":{"start":{"line":66,"column":8},"end":{"line":70,"column":15}},"30":{"start":{"line":68,"column":16},"end":{"line":68,"column":116}},"31":{"start":{"line":68,"column":88},"end":{"line":68,"column":114}},"32":{"start":{"line":69,"column":16},"end":{"line":69,"column":43}},"33":{"start":{"line":74,"column":8},"end":{"line":79,"column":45}}},"fnMap":{"0":{"name":"(anonymous_0)","decl":{"start":{"line":7,"column":4},"end":{"line":7,"column":5}},"loc":{"start":{"line":7,"column":42},"end":{"line":11,"column":5}},"line":7},"1":{"name":"(anonymous_1)","decl":{"start":{"line":13,"column":4},"end":{"line":13,"column":5}},"loc":{"start":{"line":13,"column":11},"end":{"line":24,"column":5}},"line":13},"2":{"name":"(anonymous_2)","decl":{"start":{"line":15,"column":18},"end":{"line":15,"column":19}},"loc":{"start":{"line":15,"column":24},"end":{"line":17,"column":13}},"line":15},"3":{"name":"(anonymous_3)","decl":{"start":{"line":17,"column":20},"end":{"line":17,"column":21}},"loc":{"start":{"line":17,"column":30},"end":{"line":20,"column":13}},"line":17},"4":{"name":"(anonymous_4)","decl":{"start":{"line":20,"column":21},"end":{"line":20,"column":22}},"loc":{"start":{"line":20,"column":32},"end":{"line":23,"column":13}},"line":20},"5":{"name":"(anonymous_5)","decl":{"start":{"line":26,"column":4},"end":{"line":26,"column":5}},"loc":{"start":{"line":26,"column":24},"end":{"line":34,"column":5}},"line":26},"6":{"name":"(anonymous_6)","decl":{"start":{"line":31,"column":28},"end":{"line":31,"column":29}},"loc":{"start":{"line":31,"column":34},"end":{"line":33,"column":9}},"line":31},"7":{"name":"(anonymous_7)","decl":{"start":{"line":36,"column":4},"end":{"line":36,"column":5}},"loc":{"start":{"line":36,"column":26},"end":{"line":38,"column":5}},"line":36},"8":{"name":"(anonymous_8)","decl":{"start":{"line":40,"column":4},"end":{"line":40,"column":5}},"loc":{"start":{"line":40,"column":29},"end":{"line":46,"column":5}},"line":40},"9":{"name":"(anonymous_9)","decl":{"start":{"line":42,"column":18},"end":{"line":42,"column":19}},"loc":{"start":{"line":42,"column":32},"end":{"line":45,"column":13}},"line":42},"10":{"name":"(anonymous_10)","decl":{"start":{"line":48,"column":4},"end":{"line":48,"column":5}},"loc":{"start":{"line":48,"column":26},"end":{"line":52,"column":5}},"line":48},"11":{"name":"(anonymous_11)","decl":{"start":{"line":54,"column":4},"end":{"line":54,"column":5}},"loc":{"start":{"line":54,"column":33},"end":{"line":59,"column":5}},"line":54},"12":{"name":"(anonymous_12)","decl":{"start":{"line":56,"column":18},"end":{"line":56,"column":19}},"loc":{"start":{"line":56,"column":24},"end":{"line":58,"column":13}},"line":56},"13":{"name":"(anonymous_13)","decl":{"start":{"line":61,"column":4},"end":{"line":61,"column":5}},"loc":{"start":{"line":61,"column":30},"end":{"line":71,"column":5}},"line":61},"14":{"name":"(anonymous_14)","decl":{"start":{"line":67,"column":18},"end":{"line":67,"column":19}},"loc":{"start":{"line":67,"column":44},"end":{"line":70,"column":13}},"line":67},"15":{"name":"(anonymous_15)","decl":{"start":{"line":68,"column":63},"end":{"line":68,"column":64}},"loc":{"start":{"line":68,"column":88},"end":{"line":68,"column":114}},"line":68},"16":{"name":"(anonymous_16)","decl":{"start":{"line":73,"column":4},"end":{"line":73,"column":5}},"loc":{"start":{"line":73,"column":18},"end":{"line":80,"column":5}},"line":73}},"branchMap":{"0":{"loc":{"start":{"line":7,"column":22},"end":{"line":7,"column":40}},"type":"default-arg","locations":[{"start":{"line":7,"column":36},"end":{"line":7,"column":40}}],"line":7},"1":{"loc":{"start":{"line":28,"column":8},"end":{"line":30,"column":9}},"type":"if","locations":[{"start":{"line":28,"column":8},"end":{"line":30,"column":9}},{"start":{},"end":{}}],"line":28},"2":{"loc":{"start":{"line":50,"column":77},"end":{"line":50,"column":104}},"type":"binary-expr","locations":[{"start":{"line":50,"column":77},"end":{"line":50,"column":96}},{"start":{"line":50,"column":100},"end":{"line":50,"column":104}}],"line":50},"3":{"loc":{"start":{"line":62,"column":8},"end":{"line":65,"column":9}},"type":"if","locations":[{"start":{"line":62,"column":8},"end":{"line":65,"column":9}},{"start":{},"end":{}}],"line":62}},"s":{"0":2,"1":2,"2":2,"3":2,"4":2,"5":2,"6":2,"7":2,"8":2,"9":2,"10":2,"11":2,"12":0,"13":0,"14":2,"15":2,"16":1,"17":2,"18":2,"19":2,"20":1,"21":1,"22":1,"23":1,"24":2,"25":2,"26":2,"27":1,"28":1,"29":1,"30":1,"31":2,"32":1,"33":2},"f":{"0":2,"1":2,"2":2,"3":2,"4":0,"5":2,"6":2,"7":2,"8":1,"9":1,"10":1,"11":2,"12":2,"13":2,"14":1,"15":2,"16":2},"b":{"0":[2],"1":[1,1],"2":[1,1],"3":[1,1]},"_coverageSchema":"1a1c01bbd47fc00a2c39e90264f33305004495a9","hash":"5f29d9fe676fb2389c44844978db2def47b89767"}
,"/Users/bilalafzal/Documents/projects/CI-CD/backend/src/app/usecases/messageDetail/save/index.js": {"path":"/Users/bilalafzal/Documents/projects/CI-CD/backend/src/app/usecases/messageDetail/save/index.js","statementMap":{"0":{"start":{"line":1,"column":20},"end":{"line":1,"column":48}},"1":{"start":{"line":2,"column":26},"end":{"line":2,"column":80}},"2":{"start":{"line":4,"column":0},"end":{"line":18,"column":1}},"3":{"start":{"line":6,"column":8},"end":{"line":6,"column":27}},"4":{"start":{"line":7,"column":8},"end":{"line":7,"column":25}},"5":{"start":{"line":11,"column":8},"end":{"line":15,"column":37}}},"fnMap":{"0":{"name":"(anonymous_0)","decl":{"start":{"line":5,"column":4},"end":{"line":5,"column":5}},"loc":{"start":{"line":5,"column":42},"end":{"line":8,"column":5}},"line":5},"1":{"name":"(anonymous_1)","decl":{"start":{"line":10,"column":4},"end":{"line":10,"column":5}},"loc":{"start":{"line":10,"column":11},"end":{"line":16,"column":5}},"line":10}},"branchMap":{"0":{"loc":{"start":{"line":5,"column":22},"end":{"line":5,"column":40}},"type":"default-arg","locations":[{"start":{"line":5,"column":36},"end":{"line":5,"column":40}}],"line":5}},"s":{"0":2,"1":2,"2":2,"3":4,"4":4,"5":4},"f":{"0":4,"1":4},"b":{"0":[0]},"_coverageSchema":"1a1c01bbd47fc00a2c39e90264f33305004495a9","hash":"b3a27ef6756273880ec2f3125cbb74be750d9a5b"}
,"/Users/bilalafzal/Documents/projects/CI-CD/backend/src/app/usecases/messageDetail/save/saveMultiple.js": {"path":"/Users/bilalafzal/Documents/projects/CI-CD/backend/src/app/usecases/messageDetail/save/saveMultiple.js","statementMap":{"0":{"start":{"line":1,"column":20},"end":{"line":1,"column":48}},"1":{"start":{"line":2,"column":33},"end":{"line":2,"column":51}},"2":{"start":{"line":4,"column":0},"end":{"line":33,"column":1}},"3":{"start":{"line":6,"column":8},"end":{"line":6,"column":27}},"4":{"start":{"line":7,"column":8},"end":{"line":7,"column":25}},"5":{"start":{"line":11,"column":8},"end":{"line":11,"column":42}},"6":{"start":{"line":15,"column":8},"end":{"line":15,"column":35}},"7":{"start":{"line":19,"column":25},"end":{"line":19,"column":27}},"8":{"start":{"line":20,"column":8},"end":{"line":21,"column":51}},"9":{"start":{"line":21,"column":12},"end":{"line":21,"column":51}},"10":{"start":{"line":22,"column":8},"end":{"line":22,"column":37}},"11":{"start":{"line":26,"column":8},"end":{"line":30,"column":44}}},"fnMap":{"0":{"name":"(anonymous_0)","decl":{"start":{"line":5,"column":4},"end":{"line":5,"column":5}},"loc":{"start":{"line":5,"column":42},"end":{"line":8,"column":5}},"line":5},"1":{"name":"(anonymous_1)","decl":{"start":{"line":10,"column":4},"end":{"line":10,"column":5}},"loc":{"start":{"line":10,"column":11},"end":{"line":12,"column":5}},"line":10},"2":{"name":"(anonymous_2)","decl":{"start":{"line":14,"column":4},"end":{"line":14,"column":5}},"loc":{"start":{"line":14,"column":26},"end":{"line":16,"column":5}},"line":14},"3":{"name":"(anonymous_3)","decl":{"start":{"line":18,"column":4},"end":{"line":18,"column":5}},"loc":{"start":{"line":18,"column":19},"end":{"line":23,"column":5}},"line":18},"4":{"name":"(anonymous_4)","decl":{"start":{"line":25,"column":4},"end":{"line":25,"column":5}},"loc":{"start":{"line":25,"column":23},"end":{"line":31,"column":5}},"line":25}},"branchMap":{"0":{"loc":{"start":{"line":5,"column":22},"end":{"line":5,"column":40}},"type":"default-arg","locations":[{"start":{"line":5,"column":36},"end":{"line":5,"column":40}}],"line":5}},"s":{"0":2,"1":2,"2":2,"3":2,"4":2,"5":2,"6":2,"7":2,"8":2,"9":4,"10":2,"11":4},"f":{"0":2,"1":2,"2":2,"3":2,"4":4},"b":{"0":[0]},"_coverageSchema":"1a1c01bbd47fc00a2c39e90264f33305004495a9","hash":"b774613e80849648773c2ae39c6c2576a1f2f7a4"}
,"/Users/bilalafzal/Documents/projects/CI-CD/backend/src/app/usecases/user/fetch/index.js": {"path":"/Users/bilalafzal/Documents/projects/CI-CD/backend/src/app/usecases/user/fetch/index.js","statementMap":{"0":{"start":{"line":1,"column":20},"end":{"line":1,"column":48}},"1":{"start":{"line":2,"column":17},"end":{"line":2,"column":62}},"2":{"start":{"line":4,"column":0},"end":{"line":30,"column":2}},"3":{"start":{"line":6,"column":8},"end":{"line":6,"column":41}},"4":{"start":{"line":10,"column":8},"end":{"line":28,"column":15}},"5":{"start":{"line":12,"column":36},"end":{"line":12,"column":38}},"6":{"start":{"line":13,"column":16},"end":{"line":26,"column":17}},"7":{"start":{"line":14,"column":34},"end":{"line":14,"column":57}},"8":{"start":{"line":15,"column":36},"end":{"line":15,"column":52}},"9":{"start":{"line":16,"column":20},"end":{"line":25,"column":23}},"10":{"start":{"line":27,"column":16},"end":{"line":27,"column":34}}},"fnMap":{"0":{"name":"(anonymous_0)","decl":{"start":{"line":5,"column":4},"end":{"line":5,"column":5}},"loc":{"start":{"line":5,"column":25},"end":{"line":7,"column":5}},"line":5},"1":{"name":"(anonymous_1)","decl":{"start":{"line":9,"column":4},"end":{"line":9,"column":5}},"loc":{"start":{"line":9,"column":40},"end":{"line":29,"column":5}},"line":9},"2":{"name":"(anonymous_2)","decl":{"start":{"line":11,"column":18},"end":{"line":11,"column":19}},"loc":{"start":{"line":11,"column":30},"end":{"line":28,"column":13}},"line":11}},"branchMap":{"0":{"loc":{"start":{"line":17,"column":28},"end":{"line":20,"column":25}},"type":"binary-expr","locations":[{"start":{"line":17,"column":28},"end":{"line":17,"column":52}},{"start":{"line":17,"column":56},"end":{"line":20,"column":25}}],"line":17},"1":{"loc":{"start":{"line":23,"column":28},"end":{"line":23,"column":55}},"type":"binary-expr","locations":[{"start":{"line":23,"column":28},"end":{"line":23,"column":35}},{"start":{"line":23,"column":39},"end":{"line":23,"column":55}}],"line":23},"2":{"loc":{"start":{"line":24,"column":28},"end":{"line":24,"column":61}},"type":"binary-expr","locations":[{"start":{"line":24,"column":28},"end":{"line":24,"column":36}},{"start":{"line":24,"column":40},"end":{"line":24,"column":61}}],"line":24}},"s":{"0":3,"1":3,"2":3,"3":9,"4":0,"5":0,"6":0,"7":0,"8":0,"9":0,"10":0},"f":{"0":9,"1":0,"2":0},"b":{"0":[0,0],"1":[0,0],"2":[0,0]},"_coverageSchema":"1a1c01bbd47fc00a2c39e90264f33305004495a9","hash":"d84b69c70c304b64b02e08354feeb397610b904e"}
,"/Users/bilalafzal/Documents/projects/CI-CD/backend/src/app/usecases/userChatGroup/create/index.js": {"path":"/Users/bilalafzal/Documents/projects/CI-CD/backend/src/app/usecases/userChatGroup/create/index.js","statementMap":{"0":{"start":{"line":1,"column":20},"end":{"line":1,"column":48}},"1":{"start":{"line":2,"column":26},"end":{"line":2,"column":44}},"2":{"start":{"line":3,"column":33},"end":{"line":3,"column":87}},"3":{"start":{"line":4,"column":25},"end":{"line":4,"column":52}},"4":{"start":{"line":6,"column":0},"end":{"line":79,"column":1}},"5":{"start":{"line":8,"column":8},"end":{"line":8,"column":27}},"6":{"start":{"line":9,"column":8},"end":{"line":9,"column":25}},"7":{"start":{"line":10,"column":8},"end":{"line":10,"column":39}},"8":{"start":{"line":11,"column":8},"end":{"line":11,"column":45}},"9":{"start":{"line":12,"column":8},"end":{"line":12,"column":26}},"10":{"start":{"line":16,"column":8},"end":{"line":16,"column":43}},"11":{"start":{"line":20,"column":8},"end":{"line":29,"column":15}},"12":{"start":{"line":22,"column":16},"end":{"line":22,"column":54}},"13":{"start":{"line":24,"column":16},"end":{"line":28,"column":17}},"14":{"start":{"line":34,"column":8},"end":{"line":40,"column":15}},"15":{"start":{"line":36,"column":16},"end":{"line":36,"column":99}},"16":{"start":{"line":38,"column":16},"end":{"line":38,"column":56}},"17":{"start":{"line":39,"column":16},"end":{"line":39,"column":47}},"18":{"start":{"line":44,"column":23},"end":{"line":44,"column":25}},"19":{"start":{"line":45,"column":8},"end":{"line":54,"column":9}},"20":{"start":{"line":46,"column":28},"end":{"line":46,"column":68}},"21":{"start":{"line":47,"column":12},"end":{"line":48,"column":66}},"22":{"start":{"line":48,"column":16},"end":{"line":48,"column":66}},"23":{"start":{"line":49,"column":12},"end":{"line":53,"column":18}},"24":{"start":{"line":51,"column":20},"end":{"line":51,"column":39}},"25":{"start":{"line":52,"column":20},"end":{"line":52,"column":56}},"26":{"start":{"line":55,"column":8},"end":{"line":55,"column":52}},"27":{"start":{"line":59,"column":18},"end":{"line":59,"column":20}},"28":{"start":{"line":60,"column":20},"end":{"line":60,"column":21}},"29":{"start":{"line":61,"column":8},"end":{"line":65,"column":9}},"30":{"start":{"line":62,"column":12},"end":{"line":62,"column":29}},"31":{"start":{"line":63,"column":12},"end":{"line":63,"column":55}},"32":{"start":{"line":63,"column":44},"end":{"line":63,"column":55}},"33":{"start":{"line":64,"column":12},"end":{"line":64,"column":20}},"34":{"start":{"line":66,"column":8},"end":{"line":66,"column":19}},"35":{"start":{"line":70,"column":8},"end":{"line":77,"column":15}},"36":{"start":{"line":75,"column":16},"end":{"line":75,"column":68}},"37":{"start":{"line":76,"column":16},"end":{"line":76,"column":53}}},"fnMap":{"0":{"name":"(anonymous_0)","decl":{"start":{"line":7,"column":4},"end":{"line":7,"column":5}},"loc":{"start":{"line":7,"column":42},"end":{"line":13,"column":5}},"line":7},"1":{"name":"(anonymous_1)","decl":{"start":{"line":15,"column":4},"end":{"line":15,"column":5}},"loc":{"start":{"line":15,"column":13},"end":{"line":17,"column":5}},"line":15},"2":{"name":"(anonymous_2)","decl":{"start":{"line":19,"column":4},"end":{"line":19,"column":5}},"loc":{"start":{"line":19,"column":27},"end":{"line":30,"column":5}},"line":19},"3":{"name":"(anonymous_3)","decl":{"start":{"line":21,"column":18},"end":{"line":21,"column":19}},"loc":{"start":{"line":21,"column":24},"end":{"line":23,"column":13}},"line":21},"4":{"name":"(anonymous_4)","decl":{"start":{"line":23,"column":20},"end":{"line":23,"column":21}},"loc":{"start":{"line":23,"column":26},"end":{"line":29,"column":13}},"line":23},"5":{"name":"(anonymous_5)","decl":{"start":{"line":33,"column":4},"end":{"line":33,"column":5}},"loc":{"start":{"line":33,"column":24},"end":{"line":41,"column":5}},"line":33},"6":{"name":"(anonymous_6)","decl":{"start":{"line":35,"column":18},"end":{"line":35,"column":19}},"loc":{"start":{"line":35,"column":33},"end":{"line":37,"column":13}},"line":35},"7":{"name":"(anonymous_7)","decl":{"start":{"line":37,"column":20},"end":{"line":37,"column":21}},"loc":{"start":{"line":37,"column":39},"end":{"line":40,"column":13}},"line":37},"8":{"name":"(anonymous_8)","decl":{"start":{"line":43,"column":4},"end":{"line":43,"column":5}},"loc":{"start":{"line":43,"column":43},"end":{"line":56,"column":5}},"line":43},"9":{"name":"(anonymous_9)","decl":{"start":{"line":50,"column":22},"end":{"line":50,"column":23}},"loc":{"start":{"line":50,"column":33},"end":{"line":53,"column":17}},"line":50},"10":{"name":"(anonymous_10)","decl":{"start":{"line":58,"column":4},"end":{"line":58,"column":5}},"loc":{"start":{"line":58,"column":29},"end":{"line":67,"column":5}},"line":58},"11":{"name":"(anonymous_11)","decl":{"start":{"line":69,"column":4},"end":{"line":69,"column":5}},"loc":{"start":{"line":69,"column":30},"end":{"line":78,"column":5}},"line":69},"12":{"name":"(anonymous_12)","decl":{"start":{"line":74,"column":18},"end":{"line":74,"column":19}},"loc":{"start":{"line":74,"column":43},"end":{"line":77,"column":13}},"line":74}},"branchMap":{"0":{"loc":{"start":{"line":7,"column":22},"end":{"line":7,"column":40}},"type":"default-arg","locations":[{"start":{"line":7,"column":36},"end":{"line":7,"column":40}}],"line":7},"1":{"loc":{"start":{"line":45,"column":8},"end":{"line":54,"column":9}},"type":"if","locations":[{"start":{"line":45,"column":8},"end":{"line":54,"column":9}},{"start":{},"end":{}}],"line":45},"2":{"loc":{"start":{"line":63,"column":12},"end":{"line":63,"column":55}},"type":"if","locations":[{"start":{"line":63,"column":12},"end":{"line":63,"column":55}},{"start":{},"end":{}}],"line":63}},"s":{"0":2,"1":2,"2":2,"3":2,"4":2,"5":1,"6":1,"7":1,"8":1,"9":1,"10":1,"11":1,"12":1,"13":1,"14":1,"15":1,"16":1,"17":1,"18":1,"19":1,"20":1,"21":1,"22":2,"23":1,"24":1,"25":1,"26":0,"27":1,"28":1,"29":1,"30":2,"31":2,"32":1,"33":2,"34":1,"35":1,"36":1,"37":1},"f":{"0":1,"1":1,"2":1,"3":1,"4":1,"5":1,"6":1,"7":1,"8":1,"9":1,"10":1,"11":1,"12":1},"b":{"0":[0],"1":[1,0],"2":[1,1]},"_coverageSchema":"1a1c01bbd47fc00a2c39e90264f33305004495a9","hash":"876190145e94c249dbc46b23c2abb5d613258b37"}
,"/Users/bilalafzal/Documents/projects/CI-CD/backend/src/app/usecases/userChatGroup/save/index.js": {"path":"/Users/bilalafzal/Documents/projects/CI-CD/backend/src/app/usecases/userChatGroup/save/index.js","statementMap":{"0":{"start":{"line":1,"column":20},"end":{"line":1,"column":48}},"1":{"start":{"line":2,"column":26},"end":{"line":2,"column":80}},"2":{"start":{"line":4,"column":0},"end":{"line":13,"column":1}},"3":{"start":{"line":6,"column":8},"end":{"line":6,"column":27}},"4":{"start":{"line":7,"column":8},"end":{"line":7,"column":25}},"5":{"start":{"line":11,"column":8},"end":{"line":11,"column":75}}},"fnMap":{"0":{"name":"(anonymous_0)","decl":{"start":{"line":5,"column":4},"end":{"line":5,"column":5}},"loc":{"start":{"line":5,"column":42},"end":{"line":8,"column":5}},"line":5},"1":{"name":"(anonymous_1)","decl":{"start":{"line":10,"column":4},"end":{"line":10,"column":5}},"loc":{"start":{"line":10,"column":11},"end":{"line":12,"column":5}},"line":10}},"branchMap":{"0":{"loc":{"start":{"line":5,"column":22},"end":{"line":5,"column":40}},"type":"default-arg","locations":[{"start":{"line":5,"column":36},"end":{"line":5,"column":40}}],"line":5}},"s":{"0":2,"1":2,"2":2,"3":1,"4":1,"5":1},"f":{"0":1,"1":1},"b":{"0":[0]},"_coverageSchema":"1a1c01bbd47fc00a2c39e90264f33305004495a9","hash":"728a0668dc550677cf72c9dad9e8cd8ecc1b8e40"}
,"/Users/bilalafzal/Documents/projects/CI-CD/backend/src/app/usecases/userChatGroupMember/fetch/index.js": {"path":"/Users/bilalafzal/Documents/projects/CI-CD/backend/src/app/usecases/userChatGroupMember/fetch/index.js","statementMap":{"0":{"start":{"line":1,"column":20},"end":{"line":1,"column":48}},"1":{"start":{"line":2,"column":32},"end":{"line":2,"column":92}},"2":{"start":{"line":4,"column":0},"end":{"line":8,"column":2}},"3":{"start":{"line":6,"column":8},"end":{"line":6,"column":78}}},"fnMap":{"0":{"name":"(anonymous_0)","decl":{"start":{"line":5,"column":4},"end":{"line":5,"column":5}},"loc":{"start":{"line":5,"column":49},"end":{"line":7,"column":5}},"line":5}},"branchMap":{},"s":{"0":2,"1":2,"2":2,"3":3},"f":{"0":3},"b":{},"_coverageSchema":"1a1c01bbd47fc00a2c39e90264f33305004495a9","hash":"61198beb2adcfc6951862bf7a158cc5c013ffc75"}
,"/Users/bilalafzal/Documents/projects/CI-CD/backend/src/app/usecases/userChatGroupMember/save/index.js": {"path":"/Users/bilalafzal/Documents/projects/CI-CD/backend/src/app/usecases/userChatGroupMember/save/index.js","statementMap":{"0":{"start":{"line":1,"column":20},"end":{"line":1,"column":48}},"1":{"start":{"line":2,"column":32},"end":{"line":2,"column":92}},"2":{"start":{"line":4,"column":0},"end":{"line":14,"column":1}},"3":{"start":{"line":6,"column":8},"end":{"line":6,"column":27}},"4":{"start":{"line":7,"column":8},"end":{"line":7,"column":25}},"5":{"start":{"line":11,"column":8},"end":{"line":11,"column":81}}},"fnMap":{"0":{"name":"(anonymous_0)","decl":{"start":{"line":5,"column":4},"end":{"line":5,"column":5}},"loc":{"start":{"line":5,"column":42},"end":{"line":8,"column":5}},"line":5},"1":{"name":"(anonymous_1)","decl":{"start":{"line":10,"column":4},"end":{"line":10,"column":5}},"loc":{"start":{"line":10,"column":11},"end":{"line":12,"column":5}},"line":10}},"branchMap":{"0":{"loc":{"start":{"line":5,"column":22},"end":{"line":5,"column":40}},"type":"default-arg","locations":[{"start":{"line":5,"column":36},"end":{"line":5,"column":40}}],"line":5}},"s":{"0":2,"1":2,"2":2,"3":2,"4":2,"5":2},"f":{"0":2,"1":2},"b":{"0":[0]},"_coverageSchema":"1a1c01bbd47fc00a2c39e90264f33305004495a9","hash":"e6eb60caf814303312d433b01edf776c9d1e95b6"}
,"/Users/bilalafzal/Documents/projects/CI-CD/backend/src/app/usecases/userChatGroupMember/save/saveMultiple.js": {"path":"/Users/bilalafzal/Documents/projects/CI-CD/backend/src/app/usecases/userChatGroupMember/save/saveMultiple.js","statementMap":{"0":{"start":{"line":1,"column":20},"end":{"line":1,"column":48}},"1":{"start":{"line":2,"column":32},"end":{"line":2,"column":50}},"2":{"start":{"line":4,"column":0},"end":{"line":22,"column":1}},"3":{"start":{"line":6,"column":8},"end":{"line":6,"column":27}},"4":{"start":{"line":7,"column":8},"end":{"line":7,"column":25}},"5":{"start":{"line":11,"column":23},"end":{"line":11,"column":25}},"6":{"start":{"line":12,"column":8},"end":{"line":18,"column":9}},"7":{"start":{"line":13,"column":26},"end":{"line":16,"column":48}},"8":{"start":{"line":17,"column":12},"end":{"line":17,"column":35}},"9":{"start":{"line":19,"column":8},"end":{"line":19,"column":37}}},"fnMap":{"0":{"name":"(anonymous_0)","decl":{"start":{"line":5,"column":4},"end":{"line":5,"column":5}},"loc":{"start":{"line":5,"column":42},"end":{"line":8,"column":5}},"line":5},"1":{"name":"(anonymous_1)","decl":{"start":{"line":10,"column":4},"end":{"line":10,"column":5}},"loc":{"start":{"line":10,"column":11},"end":{"line":20,"column":5}},"line":10}},"branchMap":{"0":{"loc":{"start":{"line":5,"column":22},"end":{"line":5,"column":40}},"type":"default-arg","locations":[{"start":{"line":5,"column":36},"end":{"line":5,"column":40}}],"line":5}},"s":{"0":2,"1":2,"2":2,"3":1,"4":1,"5":1,"6":1,"7":2,"8":2,"9":1},"f":{"0":1,"1":1},"b":{"0":[0]},"_coverageSchema":"1a1c01bbd47fc00a2c39e90264f33305004495a9","hash":"130eae0b0bd429967fac1f1e9293023341c0ec57"}
,"/Users/bilalafzal/Documents/projects/CI-CD/backend/tests/models/UserModel.js": {"path":"/Users/bilalafzal/Documents/projects/CI-CD/backend/tests/models/UserModel.js","statementMap":{"0":{"start":{"line":1,"column":0},"end":{"line":19,"column":3}}},"fnMap":{},"branchMap":{},"s":{"0":3},"f":{},"b":{},"_coverageSchema":"1a1c01bbd47fc00a2c39e90264f33305004495a9","hash":"2ecdc16ee03ef74e81639afedf0bd15840844329"}
,"/Users/bilalafzal/Documents/projects/CI-CD/backend/tests/models/userChatGroupMember.js": {"path":"/Users/bilalafzal/Documents/projects/CI-CD/backend/tests/models/userChatGroupMember.js","statementMap":{"0":{"start":{"line":1,"column":0},"end":{"line":15,"column":3}}},"fnMap":{},"branchMap":{},"s":{"0":2},"f":{},"b":{},"_coverageSchema":"1a1c01bbd47fc00a2c39e90264f33305004495a9","hash":"e55effe426d04eee8c9bd312a5ac3f220f263e4c"}
}
