TN:
SF:src/app/errors/businessError.js
FN:2,(anonymous_0)
FNF:1
FNH:1
FNDA:4,(anonymous_0)
DA:1,3
DA:3,4
DA:4,4
DA:5,4
DA:6,4
DA:7,4
LF:6
LH:6
BRDA:2,0,0,4
BRF:1
BRH:1
end_of_record
TN:
SF:src/app/errors/errorType.js
FNF:0
FNH:0
DA:1,1
LF:1
LH:1
BRF:0
BRH:0
end_of_record
TN:
SF:src/app/express/middlewares/Identity.js
FN:5,(anonymous_0)
FN:6,(anonymous_1)
FN:10,(anonymous_2)
FN:15,(anonymous_3)
FN:22,getNotVerifiedError
FNF:5
FNH:5
FNDA:5,(anonymous_0)
FNDA:5,(anonymous_1)
FNDA:3,(anonymous_2)
FNDA:1,(anonymous_3)
FNDA:3,getNotVerifiedError
DA:1,1
DA:2,1
DA:3,1
DA:5,1
DA:6,5
DA:7,5
DA:9,4
DA:10,4
DA:11,3
DA:12,2
DA:14,1
DA:16,1
DA:23,3
LF:13
LH:13
BRDA:7,0,0,1
BRDA:7,0,1,4
BRDA:11,1,0,2
BRDA:11,1,1,1
BRF:4
BRH:4
end_of_record
TN:
SF:src/app/socket/handler/index.js
FN:6,StoreConnection
FN:15,RemoveConnection
FN:23,SendMessageHandler
FN:39,(anonymous_3)
FN:40,(anonymous_4)
FN:45,TypingHandler
FN:58,(anonymous_6)
FN:61,(anonymous_7)
FN:67,EmitMessageToSocketConnections
FN:68,(anonymous_9)
FNF:10
FNH:3
FNDA:0,StoreConnection
FNDA:0,RemoveConnection
FNDA:0,SendMessageHandler
FNDA:0,(anonymous_3)
FNDA:0,(anonymous_4)
FNDA:4,TypingHandler
FNDA:6,(anonymous_6)
FNDA:8,(anonymous_7)
FNDA:0,EmitMessageToSocketConnections
FNDA:0,(anonymous_9)
DA:1,1
DA:2,1
DA:3,1
DA:7,0
DA:8,0
DA:10,0
DA:11,0
DA:16,0
DA:17,0
DA:18,0
DA:19,0
DA:24,0
DA:25,0
DA:26,0
DA:38,0
DA:39,0
DA:40,0
DA:42,0
DA:46,4
DA:50,4
DA:56,4
DA:57,4
DA:58,4
DA:59,6
DA:60,6
DA:61,8
DA:64,4
DA:68,0
DA:69,0
DA:70,0
DA:75,1
LF:31
LH:13
BRDA:7,0,0,0
BRDA:7,0,1,0
BRDA:16,1,0,0
BRDA:16,1,1,0
BRDA:19,2,0,0
BRDA:19,2,1,0
BRDA:34,3,0,0
BRDA:34,3,1,0
BRDA:40,4,0,0
BRDA:40,4,1,0
BRDA:47,5,0,2
BRDA:47,5,1,2
BRDA:48,6,0,2
BRDA:48,6,1,2
BRDA:56,7,0,2
BRDA:56,7,1,2
BRDA:59,8,0,4
BRDA:59,8,1,2
BRDA:60,9,0,4
BRDA:60,9,1,2
BRDA:61,10,0,4
BRDA:61,10,1,0
BRF:22
BRH:11
end_of_record
TN:
SF:src/app/usecases/message/save/index.js
FN:5,(anonymous_0)
FN:10,(anonymous_1)
FNF:2
FNH:2
FNDA:2,(anonymous_0)
FNDA:2,(anonymous_1)
DA:1,2
DA:2,2
DA:4,2
DA:6,2
DA:7,2
DA:11,2
LF:6
LH:6
BRDA:5,0,0,0
BRF:1
BRH:0
end_of_record
TN:
SF:src/app/usecases/message/save/messageWithDetails.js
FN:6,(anonymous_0)
FN:14,(anonymous_1)
FN:16,(anonymous_2)
FN:19,(anonymous_3)
FN:26,(anonymous_4)
FN:31,(anonymous_5)
FN:37,(anonymous_6)
FNF:7
FNH:7
FNDA:2,(anonymous_0)
FNDA:2,(anonymous_1)
FNDA:2,(anonymous_2)
FNDA:2,(anonymous_3)
FNDA:2,(anonymous_4)
FNDA:2,(anonymous_5)
FNDA:2,(anonymous_6)
DA:1,2
DA:2,2
DA:3,2
DA:5,2
DA:7,2
DA:8,2
DA:9,2
DA:11,2
DA:15,2
DA:17,2
DA:18,2
DA:20,2
DA:21,2
DA:27,2
DA:32,2
DA:33,2
DA:38,2
LF:17
LH:17
BRDA:6,0,0,0
BRF:1
BRH:0
end_of_record
TN:
SF:src/app/usecases/message/send/index.js
FN:7,(anonymous_0)
FN:13,(anonymous_1)
FN:15,(anonymous_2)
FN:17,(anonymous_3)
FN:20,(anonymous_4)
FN:26,(anonymous_5)
FN:31,(anonymous_6)
FN:36,(anonymous_7)
FN:40,(anonymous_8)
FN:42,(anonymous_9)
FN:48,(anonymous_10)
FN:54,(anonymous_11)
FN:56,(anonymous_12)
FN:61,(anonymous_13)
FN:67,(anonymous_14)
FN:68,(anonymous_15)
FN:73,(anonymous_16)
FNF:17
FNH:16
FNDA:2,(anonymous_0)
FNDA:2,(anonymous_1)
FNDA:2,(anonymous_2)
FNDA:2,(anonymous_3)
FNDA:0,(anonymous_4)
FNDA:2,(anonymous_5)
FNDA:2,(anonymous_6)
FNDA:2,(anonymous_7)
FNDA:1,(anonymous_8)
FNDA:1,(anonymous_9)
FNDA:1,(anonymous_10)
FNDA:2,(anonymous_11)
FNDA:2,(anonymous_12)
FNDA:2,(anonymous_13)
FNDA:1,(anonymous_14)
FNDA:2,(anonymous_15)
FNDA:2,(anonymous_16)
DA:1,2
DA:2,2
DA:3,2
DA:4,2
DA:6,2
DA:8,2
DA:9,2
DA:10,2
DA:14,2
DA:16,2
DA:18,2
DA:19,2
DA:21,0
DA:22,0
DA:27,2
DA:28,2
DA:29,1
DA:31,2
DA:32,2
DA:37,2
DA:41,1
DA:43,1
DA:44,1
DA:49,1
DA:55,2
DA:57,2
DA:62,2
DA:63,1
DA:64,1
DA:66,1
DA:68,2
DA:69,1
DA:74,2
LF:33
LH:31
BRDA:7,0,0,2
BRDA:28,1,0,1
BRDA:28,1,1,1
BRDA:50,2,0,1
BRDA:50,2,1,1
BRDA:62,3,0,1
BRDA:62,3,1,1
BRF:7
BRH:7
end_of_record
TN:
SF:src/app/usecases/messageDetail/save/index.js
FN:5,(anonymous_0)
FN:10,(anonymous_1)
FNF:2
FNH:2
FNDA:4,(anonymous_0)
FNDA:4,(anonymous_1)
DA:1,2
DA:2,2
DA:4,2
DA:6,4
DA:7,4
DA:11,4
LF:6
LH:6
BRDA:5,0,0,0
BRF:1
BRH:0
end_of_record
TN:
SF:src/app/usecases/messageDetail/save/saveMultiple.js
FN:5,(anonymous_0)
FN:10,(anonymous_1)
FN:14,(anonymous_2)
FN:18,(anonymous_3)
FN:25,(anonymous_4)
FNF:5
FNH:5
FNDA:2,(anonymous_0)
FNDA:2,(anonymous_1)
FNDA:2,(anonymous_2)
FNDA:2,(anonymous_3)
FNDA:4,(anonymous_4)
DA:1,2
DA:2,2
DA:4,2
DA:6,2
DA:7,2
DA:11,2
DA:15,2
DA:19,2
DA:20,2
DA:21,4
DA:22,2
DA:26,4
LF:12
LH:12
BRDA:5,0,0,0
BRF:1
BRH:0
end_of_record
TN:
SF:src/app/usecases/user/fetch/index.js
FN:5,(anonymous_0)
FN:9,(anonymous_1)
FN:11,(anonymous_2)
FNF:3
FNH:1
FNDA:9,(anonymous_0)
FNDA:0,(anonymous_1)
FNDA:0,(anonymous_2)
DA:1,3
DA:2,3
DA:4,3
DA:6,9
DA:10,0
DA:12,0
DA:13,0
DA:14,0
DA:15,0
DA:16,0
DA:27,0
LF:11
LH:4
BRDA:17,0,0,0
BRDA:17,0,1,0
BRDA:23,1,0,0
BRDA:23,1,1,0
BRDA:24,2,0,0
BRDA:24,2,1,0
BRF:6
BRH:0
end_of_record
TN:
SF:src/app/usecases/userChatGroup/create/index.js
FN:7,(anonymous_0)
FN:15,(anonymous_1)
FN:19,(anonymous_2)
FN:21,(anonymous_3)
FN:23,(anonymous_4)
FN:33,(anonymous_5)
FN:35,(anonymous_6)
FN:37,(anonymous_7)
FN:43,(anonymous_8)
FN:50,(anonymous_9)
FN:58,(anonymous_10)
FN:69,(anonymous_11)
FN:74,(anonymous_12)
FNF:13
FNH:13
FNDA:1,(anonymous_0)
FNDA:1,(anonymous_1)
FNDA:1,(anonymous_2)
FNDA:1,(anonymous_3)
FNDA:1,(anonymous_4)
FNDA:1,(anonymous_5)
FNDA:1,(anonymous_6)
FNDA:1,(anonymous_7)
FNDA:1,(anonymous_8)
FNDA:1,(anonymous_9)
FNDA:1,(anonymous_10)
FNDA:1,(anonymous_11)
FNDA:1,(anonymous_12)
DA:1,2
DA:2,2
DA:3,2
DA:4,2
DA:6,2
DA:8,1
DA:9,1
DA:10,1
DA:11,1
DA:12,1
DA:16,1
DA:20,1
DA:22,1
DA:24,1
DA:34,1
DA:36,1
DA:38,1
DA:39,1
DA:44,1
DA:45,1
DA:46,1
DA:47,1
DA:48,2
DA:49,1
DA:51,1
DA:52,1
DA:55,0
DA:59,1
DA:60,1
DA:61,1
DA:62,2
DA:63,2
DA:64,2
DA:66,1
DA:70,1
DA:75,1
DA:76,1
LF:37
LH:36
BRDA:7,0,0,0
BRDA:45,1,0,1
BRDA:45,1,1,0
BRDA:63,2,0,1
BRDA:63,2,1,1
BRF:5
BRH:3
end_of_record
TN:
SF:src/app/usecases/userChatGroup/save/index.js
FN:5,(anonymous_0)
FN:10,(anonymous_1)
FNF:2
FNH:2
FNDA:1,(anonymous_0)
FNDA:1,(anonymous_1)
DA:1,2
DA:2,2
DA:4,2
DA:6,1
DA:7,1
DA:11,1
LF:6
LH:6
BRDA:5,0,0,0
BRF:1
BRH:0
end_of_record
TN:
SF:src/app/usecases/userChatGroupMember/fetch/index.js
FN:5,(anonymous_0)
FNF:1
FNH:1
FNDA:3,(anonymous_0)
DA:1,2
DA:2,2
DA:4,2
DA:6,3
LF:4
LH:4
BRF:0
BRH:0
end_of_record
TN:
SF:src/app/usecases/userChatGroupMember/save/index.js
FN:5,(anonymous_0)
FN:10,(anonymous_1)
FNF:2
FNH:2
FNDA:2,(anonymous_0)
FNDA:2,(anonymous_1)
DA:1,2
DA:2,2
DA:4,2
DA:6,2
DA:7,2
DA:11,2
LF:6
LH:6
BRDA:5,0,0,0
BRF:1
BRH:0
end_of_record
TN:
SF:src/app/usecases/userChatGroupMember/save/saveMultiple.js
FN:5,(anonymous_0)
FN:10,(anonymous_1)
FNF:2
FNH:2
FNDA:1,(anonymous_0)
FNDA:1,(anonymous_1)
DA:1,2
DA:2,2
DA:4,2
DA:6,1
DA:7,1
DA:11,1
DA:12,1
DA:13,2
DA:17,2
DA:19,1
LF:10
LH:10
BRDA:5,0,0,0
BRF:1
BRH:0
end_of_record
TN:
SF:tests/models/UserModel.js
FNF:0
FNH:0
DA:1,3
LF:1
LH:1
BRF:0
BRH:0
end_of_record
TN:
SF:tests/models/userChatGroupMember.js
FNF:0
FNH:0
DA:1,2
LF:1
LH:1
BRF:0
BRH:0
end_of_record
